0 info it worked if it ends with ok
1 verbose cli [ 'C:\\Program Files\\nodejs\\node.exe',
1 verbose cli   'C:\\Program Files\\nodejs\\node_modules\\npm\\bin\\npm-cli.js',
1 verbose cli   'run',
1 verbose cli   'compile:sass' ]
2 info using npm@3.10.10
3 info using node@v6.11.4
4 verbose run-script [ 'precompile:sass', 'compile:sass', 'postcompile:sass' ]
5 info lifecycle zadanie_dodatkowe_6@1.0.0~precompile:sass: zadanie_dodatkowe_6@1.0.0
6 silly lifecycle zadanie_dodatkowe_6@1.0.0~precompile:sass: no script for precompile:sass, continuing
7 info lifecycle zadanie_dodatkowe_6@1.0.0~compile:sass: zadanie_dodatkowe_6@1.0.0
8 verbose lifecycle zadanie_dodatkowe_6@1.0.0~compile:sass: unsafe-perm in lifecycle true
9 verbose lifecycle zadanie_dodatkowe_6@1.0.0~compile:sass: PATH: C:\Program Files\nodejs\node_modules\npm\bin\node-gyp-bin;C:\Users\Admin\Desktop\zadanie_dodatkowe_6\node_modules\.bin;C:\Users\Admin\bin;C:\Program Files\Git\mingw64\bin;C:\Program Files\Git\usr\local\bin;C:\Program Files\Git\usr\bin;C:\Program Files\Git\usr\bin;C:\Program Files\Git\mingw64\bin;C:\Program Files\Git\usr\bin;C:\Users\Admin\bin;C:\ProgramData\Oracle\Java\javapath;C:\Windows\system32;C:\Windows;C:\Windows\System32\Wbem;C:\Windows\System32\WindowsPowerShell\v1.0;C:\Program Files (x86)\ATI Technologies\ATI.ACE\Core-Static;C:\Program Files\Broadcom\Broadcom 802.11 Network Adapter\Driver;C:\Program Files\WIDCOMM\Bluetooth Software;C:\Program Files\WIDCOMM\Bluetooth Software\syswow64;%PIXIEHOME%\bin;C:\xampp\php;C:\Program Files\Git\cmd;C:\Program Files\nodejs;C:\Program Files (x86) ;C:\Users\Admin\AppData\Roaming\npm;C:\Program Files\Git\usr\bin\vendor_perl;C:\Program Files\Git\usr\bin\core_perl
10 verbose lifecycle zadanie_dodatkowe_6@1.0.0~compile:sass: CWD: C:\Users\Admin\Desktop\zadanie_dodatkowe_6
11 silly lifecycle zadanie_dodatkowe_6@1.0.0~compile:sass: Args: [ '/d /s /c', 'node-sass style.sass style.css -w' ]
12 silly lifecycle zadanie_dodatkowe_6@1.0.0~compile:sass: Returned: code: 1  signal: null
13 info lifecycle zadanie_dodatkowe_6@1.0.0~compile:sass: Failed to exec compile:sass script
14 verbose stack Error: zadanie_dodatkowe_6@1.0.0 compile:sass: `node-sass style.sass style.css -w`
14 verbose stack Exit status 1
14 verbose stack     at EventEmitter.<anonymous> (C:\Program Files\nodejs\node_modules\npm\lib\utils\lifecycle.js:255:16)
14 verbose stack     at emitTwo (events.js:106:13)
14 verbose stack     at EventEmitter.emit (events.js:191:7)
14 verbose stack     at ChildProcess.<anonymous> (C:\Program Files\nodejs\node_modules\npm\lib\utils\spawn.js:40:14)
14 verbose stack     at emitTwo (events.js:106:13)
14 verbose stack     at ChildProcess.emit (events.js:191:7)
14 verbose stack     at maybeClose (internal/child_process.js:920:16)
14 verbose stack     at Process.ChildProcess._handle.onexit (internal/child_process.js:230:5)
15 verbose pkgid zadanie_dodatkowe_6@1.0.0
16 verbose cwd C:\Users\Admin\Desktop\zadanie_dodatkowe_6
17 error Windows_NT 6.1.7601
18 error argv "C:\\Program Files\\nodejs\\node.exe" "C:\\Program Files\\nodejs\\node_modules\\npm\\bin\\npm-cli.js" "run" "compile:sass"
19 error node v6.11.4
20 error npm  v3.10.10
21 error code ELIFECYCLE
22 error zadanie_dodatkowe_6@1.0.0 compile:sass: `node-sass style.sass style.css -w`
22 error Exit status 1
23 error Failed at the zadanie_dodatkowe_6@1.0.0 compile:sass script 'node-sass style.sass style.css -w'.
23 error Make sure you have the latest version of node.js and npm installed.
23 error If you do, this is most likely a problem with the zadanie_dodatkowe_6 package,
23 error not with npm itself.
23 error Tell the author that this fails on your system:
23 error     node-sass style.sass style.css -w
23 error You can get information on how to open an issue for this project with:
23 error     npm bugs zadanie_dodatkowe_6
23 error Or if that isn't available, you can get their info via:
23 error     npm owner ls zadanie_dodatkowe_6
23 error There is likely additional logging output above.
24 verbose exit [ 1, true ]
